<?xml version="1.0" encoding="UTF-8"?>
<!-- Generated by org.testng.reporters.JUnitReportReporter -->
<testsuite skipped="0" hostname="athahar1" name="TC002_POST_Request" tests="1" failures="0" timestamp="06 Oct 2019 04:26:56 GMT" time="3.567" errors="0">
  <testcase name="RegistrationSuccessful" time="3.567" classname="TC002_POST_Request"/>
</testsuite> <!-- TC002_POST_Request -->
