<?xml version="1.0" encoding="UTF-8"?>
<!-- Generated by org.testng.reporters.JUnitReportReporter -->
<testsuite skipped="0" hostname="athahar1" name="TC004_POST_Request_PRINT_allHeaders" tests="1" failures="0" timestamp="06 Oct 2019 06:04:54 GMT" time="2.891" errors="0">
  <testcase name="googleMapTest" time="2.891" classname="TC004_POST_Request_PRINT_allHeaders"/>
</testsuite> <!-- TC004_POST_Request_PRINT_allHeaders -->
