<?xml version="1.0" encoding="UTF-8"?>
<!-- Generated by org.testng.reporters.JUnitReportReporter -->
<testsuite skipped="0" hostname="athahar1" name="TC006_GET_ValidatingJsonResponse" tests="1" failures="0" timestamp="06 Oct 2019 22:10:01 GMT" time="2.804" errors="0">
  <testcase name="getweatherDetails" time="2.804" classname="TC006_GET_ValidatingJsonResponse"/>
</testsuite> <!-- TC006_GET_ValidatingJsonResponse -->
