<?xml version="1.0" encoding="UTF-8"?>
<!-- Generated by org.testng.reporters.JUnitReportReporter -->
<testsuite skipped="0" hostname="athahar1" name="TC003_POST_Request" tests="1" failures="0" timestamp="06 Oct 2019 04:51:50 GMT" time="2.980" errors="0">
  <testcase name="googleMapTest" time="2.980" classname="TC003_POST_Request"/>
</testsuite> <!-- TC003_POST_Request -->
