<?xml version="1.0" encoding="UTF-8"?>
<!-- Generated by org.testng.reporters.JUnitReportReporter -->
<testsuite skipped="0" hostname="athahar1" name="TC001_POST_Request" tests="1" failures="0" timestamp="06 Oct 2019 06:05:26 GMT" time="2.300" errors="0">
  <testcase name="getweatherDetails" time="2.300" classname="TC001_POST_Request"/>
</testsuite> <!-- TC001_POST_Request -->
