<?xml version="1.0" encoding="UTF-8"?>
<!-- Generated by org.testng.reporters.JUnitReportReporter -->
<testsuite skipped="0" hostname="athahar1" name="TC005_GET_validatingJSONResponse_" tests="1" failures="0" timestamp="06 Oct 2019 21:48:44 GMT" time="2.286" errors="0">
  <testcase name="getweatherDetails" time="2.286" classname="TC005_GET_validatingJSONResponse_"/>
</testsuite> <!-- TC005_GET_validatingJSONResponse_ -->
