<?xml version="1.0" encoding="UTF-8"?>
<!-- Generated by org.testng.reporters.JUnitReportReporter -->
<testsuite skipped="0" hostname="athahar1" name="TC007_GET_Request_Authorization" tests="1" failures="0" timestamp="06 Oct 2019 23:04:04 GMT" time="2.096" errors="0">
  <testcase name="AuthorizationTest" time="2.096" classname="TC007_GET_Request_Authorization"/>
</testsuite> <!-- TC007_GET_Request_Authorization -->
